  App.cpp
C:\Users\allenbn\Documents\GitHub\QuestManager\QuestManager\Game\Source\Animation.h(55,19): warning C4244: 'inicializando': conversión de 'float' a 'int'; posible pérdida de datos
C:\Users\allenbn\Documents\GitHub\QuestManager\QuestManager\Game\Source\Animation.h(57,30): warning C4244: '=': conversión de 'float' a 'int'; posible pérdida de datos
C:\Users\allenbn\Documents\GitHub\QuestManager\QuestManager\Game\Source\Log.h(4,1): warning C4005: 'LOG': redefinición de macro
C:\Users\allenbn\Documents\GitHub\QuestManager\QuestManager\Game\Source\Globals.h(5): message : vea la definición anterior de 'LOG'
C:\Users\allenbn\Documents\GitHub\QuestManager\QuestManager\Game\Source\App.cpp(170,27): warning C4244: '=': conversión de 'double' a 'float'; posible pérdida de datos
C:\Users\allenbn\Documents\GitHub\QuestManager\QuestManager\Game\Source\App.cpp(205,14): warning C4244: 'inicializando': conversión de 'double' a 'float'; posible pérdida de datos
C:\Users\allenbn\Documents\GitHub\QuestManager\QuestManager\Game\Source\App.cpp(209,47): warning C4244: 'argumento': conversión de 'float' a 'Uint32'; posible pérdida de datos
  GuiButton.cpp
C:\Users\allenbn\Documents\GitHub\QuestManager\QuestManager\Game\Source\Animation.h(55,19): warning C4244: 'inicializando': conversión de 'float' a 'int'; posible pérdida de datos
C:\Users\allenbn\Documents\GitHub\QuestManager\QuestManager\Game\Source\Animation.h(57,30): warning C4244: '=': conversión de 'float' a 'int'; posible pérdida de datos
  GuiManager.cpp
C:\Users\allenbn\Documents\GitHub\QuestManager\QuestManager\Game\Source\Animation.h(55,19): warning C4244: 'inicializando': conversión de 'float' a 'int'; posible pérdida de datos
C:\Users\allenbn\Documents\GitHub\QuestManager\QuestManager\Game\Source\Animation.h(57,30): warning C4244: '=': conversión de 'float' a 'int'; posible pérdida de datos
  GuiPanel.cpp
  GuiSlider.cpp
C:\Users\allenbn\Documents\GitHub\QuestManager\QuestManager\Game\Source\Animation.h(55,19): warning C4244: 'inicializando': conversión de 'float' a 'int'; posible pérdida de datos
C:\Users\allenbn\Documents\GitHub\QuestManager\QuestManager\Game\Source\Animation.h(57,30): warning C4244: '=': conversión de 'float' a 'int'; posible pérdida de datos
C:\Users\allenbn\Documents\GitHub\QuestManager\QuestManager\Game\Source\GuiSlider.cpp(50,22): warning C4244: 'argumento': conversión de 'int' a 'float'; posible pérdida de datos
C:\Users\allenbn\Documents\GitHub\QuestManager\QuestManager\Game\Source\GuiSlider.cpp(51,5): warning C4244: 'argumento': conversión de 'int' a 'float'; posible pérdida de datos
C:\Users\allenbn\Documents\GitHub\QuestManager\QuestManager\Game\Source\GuiSlider.cpp(161,19): warning C4244: '=': conversión de 'float' a 'int'; posible pérdida de datos
  GuiToggle.cpp
  ModuleFonts.cpp
C:\Users\allenbn\Documents\GitHub\QuestManager\QuestManager\Game\Source\ModuleFonts.cpp(83,2): warning C4551: la llamada a la función no tiene lista de argumentos
  Scene1.cpp
C:\Users\allenbn\Documents\GitHub\QuestManager\QuestManager\Game\Source\Animation.h(55,19): warning C4244: 'inicializando': conversión de 'float' a 'int'; posible pérdida de datos
C:\Users\allenbn\Documents\GitHub\QuestManager\QuestManager\Game\Source\Animation.h(57,30): warning C4244: '=': conversión de 'float' a 'int'; posible pérdida de datos
C:\Users\allenbn\Documents\GitHub\QuestManager\QuestManager\Game\Source\Log.h(4,1): warning C4005: 'LOG': redefinición de macro
C:\Users\allenbn\Documents\GitHub\QuestManager\QuestManager\Game\Source\Globals.h(5): message : vea la definición anterior de 'LOG'
  Generando código...
  Game.vcxproj -> C:\Users\allenbn\Documents\GitHub\QuestManager\QuestManager\Build\Debug\Game.exe
