  GuiManager.cpp
C:\Users\allenbn\Documents\GitHub\QuestManager\QuestManager\Game\Source\Animation.h(55,19): warning C4244: 'inicializando': conversión de 'float' a 'int'; posible pérdida de datos
C:\Users\allenbn\Documents\GitHub\QuestManager\QuestManager\Game\Source\Animation.h(57,30): warning C4244: '=': conversión de 'float' a 'int'; posible pérdida de datos
  Input.cpp
C:\Users\allenbn\Documents\GitHub\QuestManager\QuestManager\Game\Source\Animation.h(55,19): warning C4244: 'inicializando': conversión de 'float' a 'int'; posible pérdida de datos
C:\Users\allenbn\Documents\GitHub\QuestManager\QuestManager\Game\Source\Animation.h(57,30): warning C4244: '=': conversión de 'float' a 'int'; posible pérdida de datos
C:\Users\allenbn\Documents\GitHub\QuestManager\QuestManager\Game\Source\Log.h(4,1): warning C4005: 'LOG': redefinición de macro
C:\Users\allenbn\Documents\GitHub\QuestManager\QuestManager\Game\Source\Globals.h(5): message : vea la definición anterior de 'LOG'
  Map.cpp
C:\Users\allenbn\Documents\GitHub\QuestManager\QuestManager\Game\Source\Animation.h(55,19): warning C4244: 'inicializando': conversión de 'float' a 'int'; posible pérdida de datos
C:\Users\allenbn\Documents\GitHub\QuestManager\QuestManager\Game\Source\Animation.h(57,30): warning C4244: '=': conversión de 'float' a 'int'; posible pérdida de datos
C:\Users\allenbn\Documents\GitHub\QuestManager\QuestManager\Game\Source\Log.h(4,1): warning C4005: 'LOG': redefinición de macro
C:\Users\allenbn\Documents\GitHub\QuestManager\QuestManager\Game\Source\Globals.h(5): message : vea la definición anterior de 'LOG'
  ModuleFonts.cpp
C:\Users\allenbn\Documents\GitHub\QuestManager\QuestManager\Game\Source\External\SDL_ttf/Includes/SDL_ttf.h(34,10): fatal error C1083: No se puede abrir el archivo incluir: 'SDL.h': No such file or directory
  Player.cpp
C:\Users\allenbn\Documents\GitHub\QuestManager\QuestManager\Game\Source\Animation.h(55,19): warning C4244: 'inicializando': conversión de 'float' a 'int'; posible pérdida de datos
C:\Users\allenbn\Documents\GitHub\QuestManager\QuestManager\Game\Source\Animation.h(57,30): warning C4244: '=': conversión de 'float' a 'int'; posible pérdida de datos
C:\Users\allenbn\Documents\GitHub\QuestManager\QuestManager\Game\Source\Log.h(4,1): warning C4005: 'LOG': redefinición de macro
C:\Users\allenbn\Documents\GitHub\QuestManager\QuestManager\Game\Source\Globals.h(5): message : vea la definición anterior de 'LOG'
  Scene1.cpp
C:\Users\allenbn\Documents\GitHub\QuestManager\QuestManager\Game\Source\Animation.h(55,19): warning C4244: 'inicializando': conversión de 'float' a 'int'; posible pérdida de datos
C:\Users\allenbn\Documents\GitHub\QuestManager\QuestManager\Game\Source\Animation.h(57,30): warning C4244: '=': conversión de 'float' a 'int'; posible pérdida de datos
C:\Users\allenbn\Documents\GitHub\QuestManager\QuestManager\Game\Source\Log.h(4,1): warning C4005: 'LOG': redefinición de macro
C:\Users\allenbn\Documents\GitHub\QuestManager\QuestManager\Game\Source\Globals.h(5): message : vea la definición anterior de 'LOG'
